  Determining projects to restore...
C:\Users\quint\OneDrive\Documenten\GitHub\QMUSICSLSK\SLSKDONET.csproj : warning NU1510: PackageReference System.Text.Json will not be pruned. Consider removing this package from your dependencies, as it is likely unnecessary. [C:\Users\quint\OneDrive\Documenten\GitHub\QMUSICSLSK\SLSKDONET.sln]
  All projects are up-to-date for restore.
C:\Users\quint\OneDrive\Documenten\GitHub\QMUSICSLSK\SLSKDONET.csproj : warning NU1510: PackageReference System.Text.Json will not be pruned. Consider removing this package from your dependencies, as it is likely unnecessary.
  Could not extract the MVID from "obj\Debug\net5.0\refint\Avalonia.Controls.TreeDataGrid.dll". Are you sure it is a reference assembly?
  Avalonia.Controls.TreeDataGrid -> C:\Users\quint\OneDrive\Documenten\GitHub\QMUSICSLSK\External\TreeDataGrid\src\Avalonia.Controls.TreeDataGrid\bin\Debug\net5.0\Avalonia.Controls.TreeDataGrid.dll
C:\Users\quint\OneDrive\Documenten\GitHub\QMUSICSLSK\Services\DownloadManager.cs(19,7): warning CS0105: The using directive for 'SLSKDONET.Models' appeared previously in this namespace [C:\Users\quint\OneDrive\Documenten\GitHub\QMUSICSLSK\SLSKDONET.csproj]
C:\Users\quint\OneDrive\Documenten\GitHub\QMUSICSLSK\ViewModels\Downloads\UnifiedTrackViewModel.cs(76,14): warning CS4014: Because this call is not awaited, execution of the current method continues before the call is completed. Consider applying the 'await' operator to the result of the call. [C:\Users\quint\OneDrive\Documenten\GitHub\QMUSICSLSK\SLSKDONET.csproj]
C:\Users\quint\OneDrive\Documenten\GitHub\QMUSICSLSK\ViewModels\HomeViewModel.cs(103,36): warning CS8603: Possible null reference return. [C:\Users\quint\OneDrive\Documenten\GitHub\QMUSICSLSK\SLSKDONET.csproj]
C:\Users\quint\OneDrive\Documenten\GitHub\QMUSICSLSK\Services\HarmonicMatchService.cs(111,53): warning CS8604: Possible null reference argument for parameter 'item' in 'bool HashSet<string>.Contains(string item)'. [C:\Users\quint\OneDrive\Documenten\GitHub\QMUSICSLSK\SLSKDONET.csproj]
C:\Users\quint\OneDrive\Documenten\GitHub\QMUSICSLSK\Services\LibraryEnrichmentWorker.cs(75,56): warning CS8602: Dereference of a possibly null reference. [C:\Users\quint\OneDrive\Documenten\GitHub\QMUSICSLSK\SLSKDONET.csproj]
C:\Users\quint\OneDrive\Documenten\GitHub\QMUSICSLSK\ViewModels\Downloads\DownloadCenterViewModel.cs(117,9): warning CS0618: 'ObservableCacheEx.Sort<TObject, TKey>(IObservable<IChangeSet<TObject, TKey>>, IComparer<TObject>, SortOptimisations, int)' is obsolete: 'Use SortAndBind as it's more efficient' [C:\Users\quint\OneDrive\Documenten\GitHub\QMUSICSLSK\SLSKDONET.csproj]
C:\Users\quint\OneDrive\Documenten\GitHub\QMUSICSLSK\ViewModels\Downloads\DownloadCenterViewModel.cs(140,9): warning CS0618: 'ObservableCacheEx.Sort<TObject, TKey>(IObservable<IChangeSet<TObject, TKey>>, IComparer<TObject>, SortOptimisations, int)' is obsolete: 'Use SortAndBind as it's more efficient' [C:\Users\quint\OneDrive\Documenten\GitHub\QMUSICSLSK\SLSKDONET.csproj]
C:\Users\quint\OneDrive\Documenten\GitHub\QMUSICSLSK\ViewModels\LibraryViewModel.cs(320,72): warning CS4014: Because this call is not awaited, execution of the current method continues before the call is completed. Consider applying the 'await' operator to the result of the call. [C:\Users\quint\OneDrive\Documenten\GitHub\QMUSICSLSK\SLSKDONET.csproj]
C:\Users\quint\OneDrive\Documenten\GitHub\QMUSICSLSK\Services\LibraryEnrichmentWorker.cs(128,21): warning CS8602: Dereference of a possibly null reference. [C:\Users\quint\OneDrive\Documenten\GitHub\QMUSICSLSK\SLSKDONET.csproj]
C:\Users\quint\OneDrive\Documenten\GitHub\QMUSICSLSK\Services\LibraryEnrichmentWorker.cs(168,21): warning CS8602: Dereference of a possibly null reference. [C:\Users\quint\OneDrive\Documenten\GitHub\QMUSICSLSK\SLSKDONET.csproj]
C:\Users\quint\OneDrive\Documenten\GitHub\QMUSICSLSK\Services\SpotifyEnrichmentService.cs(51,30): warning CS8601: Possible null reference assignment. [C:\Users\quint\OneDrive\Documenten\GitHub\QMUSICSLSK\SLSKDONET.csproj]
C:\Users\quint\OneDrive\Documenten\GitHub\QMUSICSLSK\Services\SpotifyEnrichmentService.cs(58,32): warning CS8601: Possible null reference assignment. [C:\Users\quint\OneDrive\Documenten\GitHub\QMUSICSLSK\SLSKDONET.csproj]
C:\Users\quint\OneDrive\Documenten\GitHub\QMUSICSLSK\ViewModels\Library\HierarchicalLibraryViewModel.cs(156,174): warning CS8604: Possible null reference argument for parameter 's' in 'IBrush Brush.Parse(string s)'. [C:\Users\quint\OneDrive\Documenten\GitHub\QMUSICSLSK\SLSKDONET.csproj]
C:\Users\quint\OneDrive\Documenten\GitHub\QMUSICSLSK\ViewModels\Library\HierarchicalLibraryViewModel.cs(174,188): warning CS8604: Possible null reference argument for parameter 's' in 'IBrush Brush.Parse(string s)'. [C:\Users\quint\OneDrive\Documenten\GitHub\QMUSICSLSK\SLSKDONET.csproj]
C:\Users\quint\OneDrive\Documenten\GitHub\QMUSICSLSK\Services\DatabaseService.cs(66,19): warning CS8602: Dereference of a possibly null reference. [C:\Users\quint\OneDrive\Documenten\GitHub\QMUSICSLSK\SLSKDONET.csproj]
C:\Users\quint\OneDrive\Documenten\GitHub\QMUSICSLSK\Services\SearchResultMatcher.cs(227,35): warning CS8604: Possible null reference argument for parameter 'filename' in 'bool SearchResultMatcher.StrictTitleSatisfies(string filename, string expectedTitle)'. [C:\Users\quint\OneDrive\Documenten\GitHub\QMUSICSLSK\SLSKDONET.csproj]
C:\Users\quint\OneDrive\Documenten\GitHub\QMUSICSLSK\Services\DownloadManager.cs(1632,33): warning CS8629: Nullable value type may be null. [C:\Users\quint\OneDrive\Documenten\GitHub\QMUSICSLSK\SLSKDONET.csproj]
C:\Users\quint\OneDrive\Documenten\GitHub\QMUSICSLSK\Services\DatabaseService.cs(1351,18): warning CS8602: Dereference of a possibly null reference. [C:\Users\quint\OneDrive\Documenten\GitHub\QMUSICSLSK\SLSKDONET.csproj]
C:\Users\quint\OneDrive\Documenten\GitHub\QMUSICSLSK\Services\DatabaseService.cs(1562,26): warning CS0168: The variable 'ex' is declared but never used [C:\Users\quint\OneDrive\Documenten\GitHub\QMUSICSLSK\SLSKDONET.csproj]
C:\Users\quint\OneDrive\Documenten\GitHub\QMUSICSLSK\Services\DatabaseService.cs(1895,93): warning CS8602: Dereference of a possibly null reference. [C:\Users\quint\OneDrive\Documenten\GitHub\QMUSICSLSK\SLSKDONET.csproj]
C:\Users\quint\OneDrive\Documenten\GitHub\QMUSICSLSK\Services\DatabaseService.cs(2178,16): error CS0029: Cannot implicitly convert type 'System.Collections.Generic.List<SLSKDONET.Data.PlaylistTrackEntity>' to 'System.Collections.Generic.List<SLSKDONET.Models.PlaylistTrack>' [C:\Users\quint\OneDrive\Documenten\GitHub\QMUSICSLSK\SLSKDONET.csproj]
C:\Users\quint\OneDrive\Documenten\GitHub\QMUSICSLSK\Services\AudioPlayerService.cs(13,46): warning CS0649: Field 'AudioPlayerService._resampler' is never assigned to, and will always have its default value null [C:\Users\quint\OneDrive\Documenten\GitHub\QMUSICSLSK\SLSKDONET.csproj]

Build FAILED.

C:\Users\quint\OneDrive\Documenten\GitHub\QMUSICSLSK\SLSKDONET.csproj : warning NU1510: PackageReference System.Text.Json will not be pruned. Consider removing this package from your dependencies, as it is likely unnecessary. [C:\Users\quint\OneDrive\Documenten\GitHub\QMUSICSLSK\SLSKDONET.sln]
C:\Users\quint\OneDrive\Documenten\GitHub\QMUSICSLSK\SLSKDONET.csproj : warning NU1510: PackageReference System.Text.Json will not be pruned. Consider removing this package from your dependencies, as it is likely unnecessary.
C:\Users\quint\OneDrive\Documenten\GitHub\QMUSICSLSK\Services\DownloadManager.cs(19,7): warning CS0105: The using directive for 'SLSKDONET.Models' appeared previously in this namespace [C:\Users\quint\OneDrive\Documenten\GitHub\QMUSICSLSK\SLSKDONET.csproj]
C:\Users\quint\OneDrive\Documenten\GitHub\QMUSICSLSK\ViewModels\Downloads\UnifiedTrackViewModel.cs(76,14): warning CS4014: Because this call is not awaited, execution of the current method continues before the call is completed. Consider applying the 'await' operator to the result of the call. [C:\Users\quint\OneDrive\Documenten\GitHub\QMUSICSLSK\SLSKDONET.csproj]
C:\Users\quint\OneDrive\Documenten\GitHub\QMUSICSLSK\ViewModels\HomeViewModel.cs(103,36): warning CS8603: Possible null reference return. [C:\Users\quint\OneDrive\Documenten\GitHub\QMUSICSLSK\SLSKDONET.csproj]
C:\Users\quint\OneDrive\Documenten\GitHub\QMUSICSLSK\Services\HarmonicMatchService.cs(111,53): warning CS8604: Possible null reference argument for parameter 'item' in 'bool HashSet<string>.Contains(string item)'. [C:\Users\quint\OneDrive\Documenten\GitHub\QMUSICSLSK\SLSKDONET.csproj]
C:\Users\quint\OneDrive\Documenten\GitHub\QMUSICSLSK\Services\LibraryEnrichmentWorker.cs(75,56): warning CS8602: Dereference of a possibly null reference. [C:\Users\quint\OneDrive\Documenten\GitHub\QMUSICSLSK\SLSKDONET.csproj]
C:\Users\quint\OneDrive\Documenten\GitHub\QMUSICSLSK\ViewModels\Downloads\DownloadCenterViewModel.cs(117,9): warning CS0618: 'ObservableCacheEx.Sort<TObject, TKey>(IObservable<IChangeSet<TObject, TKey>>, IComparer<TObject>, SortOptimisations, int)' is obsolete: 'Use SortAndBind as it's more efficient' [C:\Users\quint\OneDrive\Documenten\GitHub\QMUSICSLSK\SLSKDONET.csproj]
C:\Users\quint\OneDrive\Documenten\GitHub\QMUSICSLSK\ViewModels\Downloads\DownloadCenterViewModel.cs(140,9): warning CS0618: 'ObservableCacheEx.Sort<TObject, TKey>(IObservable<IChangeSet<TObject, TKey>>, IComparer<TObject>, SortOptimisations, int)' is obsolete: 'Use SortAndBind as it's more efficient' [C:\Users\quint\OneDrive\Documenten\GitHub\QMUSICSLSK\SLSKDONET.csproj]
C:\Users\quint\OneDrive\Documenten\GitHub\QMUSICSLSK\ViewModels\LibraryViewModel.cs(320,72): warning CS4014: Because this call is not awaited, execution of the current method continues before the call is completed. Consider applying the 'await' operator to the result of the call. [C:\Users\quint\OneDrive\Documenten\GitHub\QMUSICSLSK\SLSKDONET.csproj]
C:\Users\quint\OneDrive\Documenten\GitHub\QMUSICSLSK\Services\LibraryEnrichmentWorker.cs(128,21): warning CS8602: Dereference of a possibly null reference. [C:\Users\quint\OneDrive\Documenten\GitHub\QMUSICSLSK\SLSKDONET.csproj]
C:\Users\quint\OneDrive\Documenten\GitHub\QMUSICSLSK\Services\LibraryEnrichmentWorker.cs(168,21): warning CS8602: Dereference of a possibly null reference. [C:\Users\quint\OneDrive\Documenten\GitHub\QMUSICSLSK\SLSKDONET.csproj]
C:\Users\quint\OneDrive\Documenten\GitHub\QMUSICSLSK\Services\SpotifyEnrichmentService.cs(51,30): warning CS8601: Possible null reference assignment. [C:\Users\quint\OneDrive\Documenten\GitHub\QMUSICSLSK\SLSKDONET.csproj]
C:\Users\quint\OneDrive\Documenten\GitHub\QMUSICSLSK\Services\SpotifyEnrichmentService.cs(58,32): warning CS8601: Possible null reference assignment. [C:\Users\quint\OneDrive\Documenten\GitHub\QMUSICSLSK\SLSKDONET.csproj]
C:\Users\quint\OneDrive\Documenten\GitHub\QMUSICSLSK\ViewModels\Library\HierarchicalLibraryViewModel.cs(156,174): warning CS8604: Possible null reference argument for parameter 's' in 'IBrush Brush.Parse(string s)'. [C:\Users\quint\OneDrive\Documenten\GitHub\QMUSICSLSK\SLSKDONET.csproj]
C:\Users\quint\OneDrive\Documenten\GitHub\QMUSICSLSK\ViewModels\Library\HierarchicalLibraryViewModel.cs(174,188): warning CS8604: Possible null reference argument for parameter 's' in 'IBrush Brush.Parse(string s)'. [C:\Users\quint\OneDrive\Documenten\GitHub\QMUSICSLSK\SLSKDONET.csproj]
C:\Users\quint\OneDrive\Documenten\GitHub\QMUSICSLSK\Services\DatabaseService.cs(66,19): warning CS8602: Dereference of a possibly null reference. [C:\Users\quint\OneDrive\Documenten\GitHub\QMUSICSLSK\SLSKDONET.csproj]
C:\Users\quint\OneDrive\Documenten\GitHub\QMUSICSLSK\Services\SearchResultMatcher.cs(227,35): warning CS8604: Possible null reference argument for parameter 'filename' in 'bool SearchResultMatcher.StrictTitleSatisfies(string filename, string expectedTitle)'. [C:\Users\quint\OneDrive\Documenten\GitHub\QMUSICSLSK\SLSKDONET.csproj]
C:\Users\quint\OneDrive\Documenten\GitHub\QMUSICSLSK\Services\DownloadManager.cs(1632,33): warning CS8629: Nullable value type may be null. [C:\Users\quint\OneDrive\Documenten\GitHub\QMUSICSLSK\SLSKDONET.csproj]
C:\Users\quint\OneDrive\Documenten\GitHub\QMUSICSLSK\Services\DatabaseService.cs(1351,18): warning CS8602: Dereference of a possibly null reference. [C:\Users\quint\OneDrive\Documenten\GitHub\QMUSICSLSK\SLSKDONET.csproj]
C:\Users\quint\OneDrive\Documenten\GitHub\QMUSICSLSK\Services\DatabaseService.cs(1562,26): warning CS0168: The variable 'ex' is declared but never used [C:\Users\quint\OneDrive\Documenten\GitHub\QMUSICSLSK\SLSKDONET.csproj]
C:\Users\quint\OneDrive\Documenten\GitHub\QMUSICSLSK\Services\DatabaseService.cs(1895,93): warning CS8602: Dereference of a possibly null reference. [C:\Users\quint\OneDrive\Documenten\GitHub\QMUSICSLSK\SLSKDONET.csproj]
C:\Users\quint\OneDrive\Documenten\GitHub\QMUSICSLSK\Services\AudioPlayerService.cs(13,46): warning CS0649: Field 'AudioPlayerService._resampler' is never assigned to, and will always have its default value null [C:\Users\quint\OneDrive\Documenten\GitHub\QMUSICSLSK\SLSKDONET.csproj]
C:\Users\quint\OneDrive\Documenten\GitHub\QMUSICSLSK\Services\DatabaseService.cs(2178,16): error CS0029: Cannot implicitly convert type 'System.Collections.Generic.List<SLSKDONET.Data.PlaylistTrackEntity>' to 'System.Collections.Generic.List<SLSKDONET.Models.PlaylistTrack>' [C:\Users\quint\OneDrive\Documenten\GitHub\QMUSICSLSK\SLSKDONET.csproj]
    23 Warning(s)
    1 Error(s)

Time Elapsed 00:00:05.52
